2024-09-25 17:07:26,662 INFO o.a.j.u.JMeterUtils: Setting Locale to en_EN
2024-09-25 17:07:26,680 INFO o.a.j.JMeter: Loading user properties from: C:\Program Files\apache-jmeter-5.6.3\bin\user.properties
2024-09-25 17:07:26,680 INFO o.a.j.JMeter: Loading system properties from: C:\Program Files\apache-jmeter-5.6.3\bin\system.properties
2024-09-25 17:07:26,685 INFO o.a.j.JMeter: Copyright (c) 1998-2024 The Apache Software Foundation
2024-09-25 17:07:26,685 INFO o.a.j.JMeter: Version 5.6.3
2024-09-25 17:07:26,685 INFO o.a.j.JMeter: java.version=23
2024-09-25 17:07:26,685 INFO o.a.j.JMeter: java.vm.name=Java HotSpot(TM) 64-Bit Server VM
2024-09-25 17:07:26,685 INFO o.a.j.JMeter: os.name=Windows 11
2024-09-25 17:07:26,685 INFO o.a.j.JMeter: os.arch=amd64
2024-09-25 17:07:26,685 INFO o.a.j.JMeter: os.version=10.0
2024-09-25 17:07:26,685 INFO o.a.j.JMeter: file.encoding=UTF-8
2024-09-25 17:07:26,685 INFO o.a.j.JMeter: java.awt.headless=true
2024-09-25 17:07:26,685 INFO o.a.j.JMeter: Max memory     =1073741824
2024-09-25 17:07:26,685 INFO o.a.j.JMeter: Available Processors =12
2024-09-25 17:07:26,697 INFO o.a.j.JMeter: Default Locale=English (EN)
2024-09-25 17:07:26,697 INFO o.a.j.JMeter: JMeter  Locale=English (EN)
2024-09-25 17:07:26,697 INFO o.a.j.JMeter: JMeterHome=C:\Program Files\apache-jmeter-5.6.3
2024-09-25 17:07:26,697 INFO o.a.j.JMeter: user.dir  =C:\Users\Hima\Desktop\BlazeDemo.com
2024-09-25 17:07:26,698 INFO o.a.j.JMeter: PWD       =C:\Users\Hima\Desktop\BlazeDemo.com
2024-09-25 17:07:26,699 INFO o.a.j.JMeter: IP: 10.170.241.59 Name: DESKTOP-E5HA3UU FullName: DESKTOP-E5HA3UU
2024-09-25 17:07:26,715 INFO o.a.j.JMeter: Setting property 'jmeter.reportgenerator.outputdir' to:'C:\Users\Hima\Desktop\BlazeDemo.com\Report'
2024-09-25 17:07:26,718 INFO o.a.j.s.FileServer: Default base='C:\Users\Hima\Desktop\BlazeDemo.com'
2024-09-25 17:07:26,719 INFO o.a.j.s.FileServer: Set new base='C:\Users\Hima\Desktop\BlazeDemo.com'
2024-09-25 17:07:26,940 INFO o.a.j.s.SaveService: Testplan (JMX) version: 2.2. Testlog (JTL) version: 2.2
2024-09-25 17:07:26,967 INFO o.a.j.s.SaveService: Using SaveService properties version 5.0
2024-09-25 17:07:26,970 INFO o.a.j.s.SaveService: Using SaveService properties file encoding UTF-8
2024-09-25 17:07:26,973 INFO o.a.j.s.SaveService: Loading file: Blazedemo.jmx
2024-09-25 17:07:27,008 INFO o.a.j.p.h.c.CookieManager: Settings: Delete null: true Check: true Allow variable: true Save: false Prefix: COOKIE_
2024-09-25 17:07:27,010 INFO o.a.j.p.h.c.CacheManager: Will only cache the following methods: [GET]
2024-09-25 17:07:27,034 INFO o.a.j.p.h.s.HTTPSamplerBase: Parser for text/html is org.apache.jmeter.protocol.http.parser.LagartoBasedHtmlParser
2024-09-25 17:07:27,034 INFO o.a.j.p.h.s.HTTPSamplerBase: Parser for application/xhtml+xml is org.apache.jmeter.protocol.http.parser.LagartoBasedHtmlParser
2024-09-25 17:07:27,034 INFO o.a.j.p.h.s.HTTPSamplerBase: Parser for application/xml is org.apache.jmeter.protocol.http.parser.LagartoBasedHtmlParser
2024-09-25 17:07:27,034 INFO o.a.j.p.h.s.HTTPSamplerBase: Parser for text/xml is org.apache.jmeter.protocol.http.parser.LagartoBasedHtmlParser
2024-09-25 17:07:27,034 INFO o.a.j.p.h.s.HTTPSamplerBase: Parser for text/vnd.wap.wml is org.apache.jmeter.protocol.http.parser.RegexpHTMLParser
2024-09-25 17:07:27,034 INFO o.a.j.p.h.s.HTTPSamplerBase: Parser for text/css is org.apache.jmeter.protocol.http.parser.CssParser
2024-09-25 17:07:27,063 INFO o.a.j.JMeter: Creating summariser <summary>
2024-09-25 17:07:27,067 INFO o.a.j.r.d.ReportGenerator: ReportGenerator will use for Parsing the separator: ','
2024-09-25 17:07:27,067 INFO o.a.j.r.d.ReportGenerator: Will generate report at end of test from  results file: Result.csv
2024-09-25 17:07:27,067 INFO o.a.j.r.d.ReportGenerator: Reading report generator properties from: C:\Program Files\apache-jmeter-5.6.3\bin\reportgenerator.properties
2024-09-25 17:07:27,068 INFO o.a.j.r.d.ReportGenerator: Merging with JMeter properties
2024-09-25 17:07:27,071 INFO o.a.j.r.c.ReportGeneratorConfiguration: Property 'jmeter.reportgenerator.temp_dir' not found, using default value 'temp' instead.
2024-09-25 17:07:27,073 INFO o.a.j.r.c.ReportGeneratorConfiguration: Property 'jmeter.reportgenerator.apdex_per_transaction' not found, using default value 'null' instead.
2024-09-25 17:07:27,073 INFO o.a.j.r.c.ReportGeneratorConfiguration: apdex_per_transaction is empty, not APDEX per transaction customization
2024-09-25 17:07:27,074 INFO o.a.j.r.c.ReportGeneratorConfiguration: Property 'jmeter.reportgenerator.sample_filter' not found, using default value 'null' instead.
2024-09-25 17:07:27,074 INFO o.a.j.r.c.ReportGeneratorConfiguration: Property 'jmeter.reportgenerator.report_title' not found, using default value 'null' instead.
2024-09-25 17:07:27,074 INFO o.a.j.r.c.ReportGeneratorConfiguration: Property 'jmeter.reportgenerator.start_date' not found, using default value 'null' instead.
2024-09-25 17:07:27,074 INFO o.a.j.r.c.ReportGeneratorConfiguration: Property 'jmeter.reportgenerator.end_date' not found, using default value 'null' instead.
2024-09-25 17:07:27,074 INFO o.a.j.r.c.ReportGeneratorConfiguration: Property 'jmeter.reportgenerator.date_format' not found, using default value 'null' instead.
2024-09-25 17:07:27,074 INFO o.a.j.r.c.ReportGeneratorConfiguration: Will use date range start date: null, end date: null
2024-09-25 17:07:27,077 INFO o.a.j.r.c.ReportGeneratorConfiguration: Property 'jmeter.reportgenerator.graph.totalTPS.exclude_controllers' not found, using default value 'false' instead.
2024-09-25 17:07:27,077 INFO o.a.j.r.c.ReportGeneratorConfiguration: Property 'jmeter.reportgenerator.graph.activeThreadsOverTime.exclude_controllers' not found, using default value 'false' instead.
2024-09-25 17:07:27,077 INFO o.a.j.r.c.ReportGeneratorConfiguration: Property 'jmeter.reportgenerator.graph.timeVsThreads.exclude_controllers' not found, using default value 'false' instead.
2024-09-25 17:07:27,077 INFO o.a.j.r.c.ReportGeneratorConfiguration: Property 'jmeter.reportgenerator.graph.responseTimeDistribution.exclude_controllers' not found, using default value 'false' instead.
2024-09-25 17:07:27,077 INFO o.a.j.r.c.ReportGeneratorConfiguration: Property 'jmeter.reportgenerator.graph.transactionsPerSecond.exclude_controllers' not found, using default value 'false' instead.
2024-09-25 17:07:27,078 INFO o.a.j.r.c.ReportGeneratorConfiguration: Property 'jmeter.reportgenerator.graph.responseTimePercentiles.exclude_controllers' not found, using default value 'false' instead.
2024-09-25 17:07:27,078 INFO o.a.j.r.c.ReportGeneratorConfiguration: Property 'jmeter.reportgenerator.graph.responseTimePercentilesOverTime.exclude_controllers' not found, using default value 'false' instead.
2024-09-25 17:07:27,078 INFO o.a.j.r.c.ReportGeneratorConfiguration: Property 'jmeter.reportgenerator.graph.responseTimesOverTime.exclude_controllers' not found, using default value 'false' instead.
2024-09-25 17:07:27,078 INFO o.a.j.r.c.ReportGeneratorConfiguration: Property 'jmeter.reportgenerator.graph.connectTimeOverTime.exclude_controllers' not found, using default value 'false' instead.
2024-09-25 17:07:27,078 INFO o.a.j.r.c.ReportGeneratorConfiguration: Property 'jmeter.reportgenerator.graph.latenciesOverTime.exclude_controllers' not found, using default value 'false' instead.
2024-09-25 17:07:27,079 INFO o.a.j.r.c.ReportGeneratorConfiguration: Property 'jmeter.reportgenerator.exporter.json.filters_only_sample_series' not found, using default value 'true' instead.
2024-09-25 17:07:27,079 INFO o.a.j.r.c.ReportGeneratorConfiguration: Property 'jmeter.reportgenerator.exporter.json.series_filter' not found, using default value '' instead.
2024-09-25 17:07:27,079 INFO o.a.j.r.c.ReportGeneratorConfiguration: Property 'jmeter.reportgenerator.exporter.json.show_controllers_only' not found, using default value 'false' instead.
2024-09-25 17:07:27,079 INFO o.a.j.r.c.ReportGeneratorConfiguration: Property 'jmeter.reportgenerator.exporter.html.filters_only_sample_series' not found, using default value 'true' instead.
2024-09-25 17:07:27,079 INFO o.a.j.r.c.ReportGeneratorConfiguration: Property 'jmeter.reportgenerator.exporter.html.series_filter' not found, using default value '' instead.
2024-09-25 17:07:27,079 INFO o.a.j.r.c.ReportGeneratorConfiguration: Property 'jmeter.reportgenerator.exporter.html.show_controllers_only' not found, using default value 'false' instead.
2024-09-25 17:07:27,092 INFO o.a.j.e.StandardJMeterEngine: Running the test!
2024-09-25 17:07:27,093 INFO o.a.j.s.SampleEvent: List of sample_variables: []
2024-09-25 17:07:27,093 INFO o.a.j.s.SampleEvent: List of sample_variables: []
2024-09-25 17:07:27,097 INFO o.a.j.e.u.CompoundVariable: Note: Function class names must contain the string: '.functions.'
2024-09-25 17:07:27,097 INFO o.a.j.e.u.CompoundVariable: Note: Function class names must not contain the string: '.gui.'
2024-09-25 17:07:27,152 INFO o.a.j.r.ClassFinder: Will scan jar C:\Program Files\apache-jmeter-5.6.3\lib\ext\citrix-jmeter-0.7.7.jar with filter ExtendsClassFilter [parents=[interface org.apache.jmeter.functions.Function], inner=false, contains=null, notContains=null]. Consider exposing JMeter plugins via META-INF/services, and add JMeter-Skip-Class-Scanning=true manifest attribute so JMeter can skip classfile scanning
2024-09-25 17:07:27,696 INFO o.a.j.r.ClassFinder: Will scan jar C:\Program Files\apache-jmeter-5.6.3\lib\ext\jmeter-bzm-correlation-recorder-2.6.jar with filter ExtendsClassFilter [parents=[interface org.apache.jmeter.functions.Function], inner=false, contains=null, notContains=null]. Consider exposing JMeter plugins via META-INF/services, and add JMeter-Skip-Class-Scanning=true manifest attribute so JMeter can skip classfile scanning
2024-09-25 17:07:27,737 INFO o.a.j.r.ClassFinder: Will scan jar C:\Program Files\apache-jmeter-5.6.3\lib\ext\bzm-repositories-plugin-1.2.jar with filter ExtendsClassFilter [parents=[interface org.apache.jmeter.functions.Function], inner=false, contains=null, notContains=null]. Consider exposing JMeter plugins via META-INF/services, and add JMeter-Skip-Class-Scanning=true manifest attribute so JMeter can skip classfile scanning
2024-09-25 17:07:27,745 INFO o.a.j.r.ClassFinder: Will scan jar C:\Program Files\apache-jmeter-5.6.3\lib\ext\jmeter-plugins-manager-1.10.jar with filter ExtendsClassFilter [parents=[interface org.apache.jmeter.functions.Function], inner=false, contains=null, notContains=null]. Consider exposing JMeter plugins via META-INF/services, and add JMeter-Skip-Class-Scanning=true manifest attribute so JMeter can skip classfile scanning
2024-09-25 17:07:27,821 INFO o.a.j.r.ClassFinder: Will scan jar C:\Program Files\apache-jmeter-5.6.3\lib\ext\jmeter-plugins-random-csv-data-set-0.8.jar with filter ExtendsClassFilter [parents=[interface org.apache.jmeter.functions.Function], inner=false, contains=null, notContains=null]. Consider exposing JMeter plugins via META-INF/services, and add JMeter-Skip-Class-Scanning=true manifest attribute so JMeter can skip classfile scanning
2024-09-25 17:07:27,824 INFO o.a.j.r.ClassFinder: Will scan jar C:\Program Files\apache-jmeter-5.6.3\lib\ext\jmeter-plugins-senseuploader-3.5.jar with filter ExtendsClassFilter [parents=[interface org.apache.jmeter.functions.Function], inner=false, contains=null, notContains=null]. Consider exposing JMeter plugins via META-INF/services, and add JMeter-Skip-Class-Scanning=true manifest attribute so JMeter can skip classfile scanning
2024-09-25 17:07:27,830 INFO o.a.j.r.ClassFinder: Will scan jar C:\Program Files\apache-jmeter-5.6.3\lib\ext\jmeter-bzm-http2-2.0.5.jar with filter ExtendsClassFilter [parents=[interface org.apache.jmeter.functions.Function], inner=false, contains=null, notContains=null]. Consider exposing JMeter plugins via META-INF/services, and add JMeter-Skip-Class-Scanning=true manifest attribute so JMeter can skip classfile scanning
2024-09-25 17:07:27,838 INFO o.a.j.r.ClassFinder: Will scan jar C:\Program Files\apache-jmeter-5.6.3\lib\ext\jmeter-bzm-hls-3.1.jar with filter ExtendsClassFilter [parents=[interface org.apache.jmeter.functions.Function], inner=false, contains=null, notContains=null]. Consider exposing JMeter plugins via META-INF/services, and add JMeter-Skip-Class-Scanning=true manifest attribute so JMeter can skip classfile scanning
2024-09-25 17:07:27,846 INFO o.a.j.r.ClassFinder: Will scan jar C:\Program Files\apache-jmeter-5.6.3\lib\ext\jmeter-plugins-casutg-2.10.jar with filter ExtendsClassFilter [parents=[interface org.apache.jmeter.functions.Function], inner=false, contains=null, notContains=null]. Consider exposing JMeter plugins via META-INF/services, and add JMeter-Skip-Class-Scanning=true manifest attribute so JMeter can skip classfile scanning
2024-09-25 17:07:27,853 INFO o.a.j.r.ClassFinder: Will scan jar C:\Program Files\apache-jmeter-5.6.3\lib\ext\jmeter-parallel-0.12.jar with filter ExtendsClassFilter [parents=[interface org.apache.jmeter.functions.Function], inner=false, contains=null, notContains=null]. Consider exposing JMeter plugins via META-INF/services, and add JMeter-Skip-Class-Scanning=true manifest attribute so JMeter can skip classfile scanning
2024-09-25 17:07:27,856 INFO o.a.j.r.ClassFinder: Will scan jar C:\Program Files\apache-jmeter-5.6.3\lib\ext\jmeter-bzm-rte-3.3.jar with filter ExtendsClassFilter [parents=[interface org.apache.jmeter.functions.Function], inner=false, contains=null, notContains=null]. Consider exposing JMeter plugins via META-INF/services, and add JMeter-Skip-Class-Scanning=true manifest attribute so JMeter can skip classfile scanning
2024-09-25 17:07:27,919 INFO o.a.j.JMeter: Running test (1727273247919)
2024-09-25 17:07:27,933 INFO o.a.j.e.StandardJMeterEngine: Starting ThreadGroup: 1 : Thread Group
2024-09-25 17:07:27,935 INFO o.a.j.e.StandardJMeterEngine: Starting 50 threads for group Thread Group.
2024-09-25 17:07:27,935 INFO o.a.j.e.StandardJMeterEngine: Thread will continue on error
2024-09-25 17:07:27,935 INFO o.a.j.t.ThreadGroup: Starting thread group... number=1 threads=50 ramp-up=10 delayedStart=false
2024-09-25 17:07:27,947 INFO o.a.j.s.SampleResult: Note: Sample TimeStamps are START times
2024-09-25 17:07:27,947 INFO o.a.j.s.SampleResult: sampleresult.default.encoding is set to UTF-8
2024-09-25 17:07:27,947 INFO o.a.j.s.SampleResult: sampleresult.useNanoTime=true
2024-09-25 17:07:27,947 INFO o.a.j.s.SampleResult: sampleresult.nanoThreadSleep=5000
2024-09-25 17:07:27,949 INFO o.a.j.t.JMeterThread: Thread started: Thread Group 1-1
2024-09-25 17:07:27,976 INFO o.a.j.t.ThreadGroup: Started thread group number 1
2024-09-25 17:07:27,976 INFO o.a.j.e.StandardJMeterEngine: All thread groups have been started
2024-09-25 17:07:28,146 INFO o.a.j.t.JMeterThread: Thread started: Thread Group 1-2
2024-09-25 17:07:28,344 INFO o.a.j.t.JMeterThread: Thread started: Thread Group 1-3
2024-09-25 17:07:28,543 INFO o.a.j.t.JMeterThread: Thread started: Thread Group 1-4
2024-09-25 17:07:28,742 INFO o.a.j.t.JMeterThread: Thread started: Thread Group 1-5
2024-09-25 17:07:28,941 INFO o.a.j.t.JMeterThread: Thread started: Thread Group 1-6
2024-09-25 17:07:28,964 INFO o.a.j.p.h.s.HTTPHCAbstractImpl: Local host = DESKTOP-E5HA3UU
2024-09-25 17:07:28,969 INFO o.a.j.p.h.s.HTTPHC4Impl: HTTP request retry count = 0
2024-09-25 17:07:29,139 INFO o.a.j.t.JMeterThread: Thread started: Thread Group 1-7
2024-09-25 17:07:29,146 INFO o.a.j.p.h.s.h.LazyLayeredConnectionSocketFactory: Setting up HTTPS TrustAll Socket Factory
2024-09-25 17:07:29,152 INFO o.a.j.u.JsseSSLManager: Using default SSL protocol: TLS
2024-09-25 17:07:29,152 INFO o.a.j.u.JsseSSLManager: SSL session context: per-thread
2024-09-25 17:07:29,199 INFO o.a.j.u.SSLManager: JmeterKeyStore Location:  type JKS
2024-09-25 17:07:29,203 INFO o.a.j.u.SSLManager: KeyStore created OK
2024-09-25 17:07:29,203 WARN o.a.j.u.SSLManager: Keystore file not found, loading empty keystore
2024-09-25 17:07:29,337 INFO o.a.j.t.JMeterThread: Thread started: Thread Group 1-8
2024-09-25 17:07:29,537 INFO o.a.j.t.JMeterThread: Thread started: Thread Group 1-9
2024-09-25 17:07:29,739 INFO o.a.j.t.JMeterThread: Thread started: Thread Group 1-10
2024-09-25 17:07:29,939 INFO o.a.j.t.JMeterThread: Thread started: Thread Group 1-11
2024-09-25 17:07:30,007 INFO o.a.j.r.Summariser: summary +      2 in 00:00:02 =    1.0/s Avg:   716 Min:   459 Max:   973 Err:     0 (0.00%) Active: 11 Started: 11 Finished: 0
2024-09-25 17:07:30,138 INFO o.a.j.t.JMeterThread: Thread started: Thread Group 1-12
2024-09-25 17:07:30,337 INFO o.a.j.t.JMeterThread: Thread started: Thread Group 1-13
2024-09-25 17:07:30,537 INFO o.a.j.t.JMeterThread: Thread started: Thread Group 1-14
2024-09-25 17:07:30,738 INFO o.a.j.t.JMeterThread: Thread started: Thread Group 1-15
2024-09-25 17:07:30,937 INFO o.a.j.t.JMeterThread: Thread started: Thread Group 1-16
2024-09-25 17:07:31,138 INFO o.a.j.t.JMeterThread: Thread started: Thread Group 1-17
2024-09-25 17:07:31,337 INFO o.a.j.t.JMeterThread: Thread started: Thread Group 1-18
2024-09-25 17:07:31,537 INFO o.a.j.t.JMeterThread: Thread started: Thread Group 1-19
2024-09-25 17:07:31,737 INFO o.a.j.t.JMeterThread: Thread started: Thread Group 1-20
2024-09-25 17:07:31,937 INFO o.a.j.t.JMeterThread: Thread started: Thread Group 1-21
2024-09-25 17:07:32,137 INFO o.a.j.t.JMeterThread: Thread started: Thread Group 1-22
2024-09-25 17:07:32,336 INFO o.a.j.t.JMeterThread: Thread started: Thread Group 1-23
2024-09-25 17:07:32,536 INFO o.a.j.t.JMeterThread: Thread started: Thread Group 1-24
2024-09-25 17:07:32,737 INFO o.a.j.t.JMeterThread: Thread started: Thread Group 1-25
2024-09-25 17:07:32,938 INFO o.a.j.t.JMeterThread: Thread started: Thread Group 1-26
2024-09-25 17:07:33,149 INFO o.a.j.t.JMeterThread: Thread started: Thread Group 1-27
2024-09-25 17:07:33,337 INFO o.a.j.t.JMeterThread: Thread started: Thread Group 1-28
2024-09-25 17:07:33,537 INFO o.a.j.t.JMeterThread: Thread started: Thread Group 1-29
2024-09-25 17:07:33,738 INFO o.a.j.t.JMeterThread: Thread started: Thread Group 1-30
2024-09-25 17:07:33,936 INFO o.a.j.t.JMeterThread: Thread started: Thread Group 1-31
2024-09-25 17:07:34,137 INFO o.a.j.t.JMeterThread: Thread started: Thread Group 1-32
2024-09-25 17:07:34,336 INFO o.a.j.t.JMeterThread: Thread started: Thread Group 1-33
2024-09-25 17:07:34,537 INFO o.a.j.t.JMeterThread: Thread started: Thread Group 1-34
2024-09-25 17:07:34,738 INFO o.a.j.t.JMeterThread: Thread started: Thread Group 1-35
2024-09-25 17:07:34,937 INFO o.a.j.t.JMeterThread: Thread started: Thread Group 1-36
2024-09-25 17:07:35,136 INFO o.a.j.t.JMeterThread: Thread started: Thread Group 1-37
2024-09-25 17:07:35,337 INFO o.a.j.t.JMeterThread: Thread started: Thread Group 1-38
2024-09-25 17:07:35,537 INFO o.a.j.t.JMeterThread: Thread started: Thread Group 1-39
2024-09-25 17:07:35,738 INFO o.a.j.t.JMeterThread: Thread started: Thread Group 1-40
2024-09-25 17:07:35,937 INFO o.a.j.t.JMeterThread: Thread started: Thread Group 1-41
2024-09-25 17:07:36,136 INFO o.a.j.t.JMeterThread: Thread started: Thread Group 1-42
2024-09-25 17:07:36,337 INFO o.a.j.t.JMeterThread: Thread started: Thread Group 1-43
2024-09-25 17:07:36,536 INFO o.a.j.t.JMeterThread: Thread started: Thread Group 1-44
2024-09-25 17:07:36,736 INFO o.a.j.t.JMeterThread: Thread started: Thread Group 1-45
2024-09-25 17:07:36,936 INFO o.a.j.t.JMeterThread: Thread started: Thread Group 1-46
2024-09-25 17:07:37,137 INFO o.a.j.t.JMeterThread: Thread started: Thread Group 1-47
2024-09-25 17:07:37,336 INFO o.a.j.t.JMeterThread: Thread started: Thread Group 1-48
2024-09-25 17:07:37,537 INFO o.a.j.t.JMeterThread: Thread started: Thread Group 1-49
2024-09-25 17:07:37,735 INFO o.a.j.t.JMeterThread: Thread started: Thread Group 1-50
2024-09-25 17:07:39,642 INFO o.a.j.t.JMeterThread: Thread is done: Thread Group 1-4
2024-09-25 17:07:39,642 INFO o.a.j.t.JMeterThread: Thread finished: Thread Group 1-4
2024-09-25 17:07:39,724 INFO o.a.j.t.JMeterThread: Thread is done: Thread Group 1-3
2024-09-25 17:07:39,724 INFO o.a.j.t.JMeterThread: Thread finished: Thread Group 1-3
2024-09-25 17:07:39,821 INFO o.a.j.t.JMeterThread: Thread is done: Thread Group 1-1
2024-09-25 17:07:39,821 INFO o.a.j.t.JMeterThread: Thread finished: Thread Group 1-1
2024-09-25 17:07:41,753 INFO o.a.j.t.JMeterThread: Thread is done: Thread Group 1-9
2024-09-25 17:07:41,753 INFO o.a.j.t.JMeterThread: Thread finished: Thread Group 1-9
2024-09-25 17:07:42,130 INFO o.a.j.t.JMeterThread: Thread is done: Thread Group 1-5
2024-09-25 17:07:42,130 INFO o.a.j.t.JMeterThread: Thread finished: Thread Group 1-5
2024-09-25 17:07:42,376 INFO o.a.j.t.JMeterThread: Thread is done: Thread Group 1-17
2024-09-25 17:07:42,376 INFO o.a.j.t.JMeterThread: Thread finished: Thread Group 1-17
2024-09-25 17:07:42,443 INFO o.a.j.t.JMeterThread: Thread is done: Thread Group 1-6
2024-09-25 17:07:42,443 INFO o.a.j.t.JMeterThread: Thread finished: Thread Group 1-6
2024-09-25 17:07:42,714 INFO o.a.j.t.JMeterThread: Thread is done: Thread Group 1-2
2024-09-25 17:07:42,714 INFO o.a.j.t.JMeterThread: Thread finished: Thread Group 1-2
2024-09-25 17:07:43,042 INFO o.a.j.t.JMeterThread: Thread is done: Thread Group 1-10
2024-09-25 17:07:43,042 INFO o.a.j.t.JMeterThread: Thread finished: Thread Group 1-10
2024-09-25 17:07:43,347 INFO o.a.j.t.JMeterThread: Thread is done: Thread Group 1-11
2024-09-25 17:07:43,347 INFO o.a.j.t.JMeterThread: Thread finished: Thread Group 1-11
2024-09-25 17:07:43,453 INFO o.a.j.t.JMeterThread: Thread is done: Thread Group 1-7
2024-09-25 17:07:43,453 INFO o.a.j.t.JMeterThread: Thread finished: Thread Group 1-7
2024-09-25 17:07:43,758 INFO o.a.j.t.JMeterThread: Thread is done: Thread Group 1-18
2024-09-25 17:07:43,758 INFO o.a.j.t.JMeterThread: Thread finished: Thread Group 1-18
2024-09-25 17:07:43,828 INFO o.a.j.t.JMeterThread: Thread is done: Thread Group 1-14
2024-09-25 17:07:43,828 INFO o.a.j.t.JMeterThread: Thread finished: Thread Group 1-14
2024-09-25 17:07:43,841 INFO o.a.j.t.JMeterThread: Thread is done: Thread Group 1-25
2024-09-25 17:07:43,841 INFO o.a.j.t.JMeterThread: Thread finished: Thread Group 1-25
2024-09-25 17:07:43,984 INFO o.a.j.t.JMeterThread: Thread is done: Thread Group 1-16
2024-09-25 17:07:43,984 INFO o.a.j.t.JMeterThread: Thread finished: Thread Group 1-16
2024-09-25 17:07:44,207 INFO o.a.j.t.JMeterThread: Thread is done: Thread Group 1-15
2024-09-25 17:07:44,207 INFO o.a.j.t.JMeterThread: Thread finished: Thread Group 1-15
2024-09-25 17:07:44,210 INFO o.a.j.t.JMeterThread: Thread is done: Thread Group 1-23
2024-09-25 17:07:44,210 INFO o.a.j.t.JMeterThread: Thread finished: Thread Group 1-23
2024-09-25 17:07:44,651 INFO o.a.j.t.JMeterThread: Thread is done: Thread Group 1-12
2024-09-25 17:07:44,651 INFO o.a.j.t.JMeterThread: Thread finished: Thread Group 1-12
2024-09-25 17:07:44,816 INFO o.a.j.t.JMeterThread: Thread is done: Thread Group 1-29
2024-09-25 17:07:44,816 INFO o.a.j.t.JMeterThread: Thread finished: Thread Group 1-29
2024-09-25 17:07:44,829 INFO o.a.j.t.JMeterThread: Thread is done: Thread Group 1-22
2024-09-25 17:07:44,829 INFO o.a.j.t.JMeterThread: Thread finished: Thread Group 1-22
2024-09-25 17:07:45,085 INFO o.a.j.t.JMeterThread: Thread is done: Thread Group 1-20
2024-09-25 17:07:45,085 INFO o.a.j.t.JMeterThread: Thread finished: Thread Group 1-20
2024-09-25 17:07:45,603 INFO o.a.j.t.JMeterThread: Thread is done: Thread Group 1-13
2024-09-25 17:07:45,603 INFO o.a.j.t.JMeterThread: Thread finished: Thread Group 1-13
2024-09-25 17:07:45,826 INFO o.a.j.t.JMeterThread: Thread is done: Thread Group 1-33
2024-09-25 17:07:45,826 INFO o.a.j.t.JMeterThread: Thread finished: Thread Group 1-33
2024-09-25 17:07:45,916 INFO o.a.j.t.JMeterThread: Thread is done: Thread Group 1-8
2024-09-25 17:07:45,916 INFO o.a.j.t.JMeterThread: Thread finished: Thread Group 1-8
2024-09-25 17:07:46,061 INFO o.a.j.t.JMeterThread: Thread is done: Thread Group 1-26
2024-09-25 17:07:46,061 INFO o.a.j.t.JMeterThread: Thread finished: Thread Group 1-26
2024-09-25 17:07:46,573 INFO o.a.j.t.JMeterThread: Thread is done: Thread Group 1-35
2024-09-25 17:07:46,573 INFO o.a.j.t.JMeterThread: Thread finished: Thread Group 1-35
2024-09-25 17:07:46,911 INFO o.a.j.t.JMeterThread: Thread is done: Thread Group 1-37
2024-09-25 17:07:46,911 INFO o.a.j.t.JMeterThread: Thread finished: Thread Group 1-37
2024-09-25 17:07:46,952 INFO o.a.j.t.JMeterThread: Thread is done: Thread Group 1-31
2024-09-25 17:07:46,952 INFO o.a.j.t.JMeterThread: Thread finished: Thread Group 1-31
2024-09-25 17:07:47,005 INFO o.a.j.t.JMeterThread: Thread is done: Thread Group 1-21
2024-09-25 17:07:47,005 INFO o.a.j.t.JMeterThread: Thread finished: Thread Group 1-21
2024-09-25 17:07:47,126 INFO o.a.j.t.JMeterThread: Thread is done: Thread Group 1-27
2024-09-25 17:07:47,126 INFO o.a.j.t.JMeterThread: Thread finished: Thread Group 1-27
2024-09-25 17:07:47,549 INFO o.a.j.t.JMeterThread: Thread is done: Thread Group 1-34
2024-09-25 17:07:47,549 INFO o.a.j.t.JMeterThread: Thread finished: Thread Group 1-34
2024-09-25 17:07:47,550 INFO o.a.j.t.JMeterThread: Thread is done: Thread Group 1-44
2024-09-25 17:07:47,550 INFO o.a.j.t.JMeterThread: Thread finished: Thread Group 1-44
2024-09-25 17:07:47,720 INFO o.a.j.t.JMeterThread: Thread is done: Thread Group 1-24
2024-09-25 17:07:47,720 INFO o.a.j.t.JMeterThread: Thread finished: Thread Group 1-24
2024-09-25 17:07:48,013 INFO o.a.j.t.JMeterThread: Thread is done: Thread Group 1-42
2024-09-25 17:07:48,013 INFO o.a.j.t.JMeterThread: Thread finished: Thread Group 1-42
2024-09-25 17:07:48,148 INFO o.a.j.t.JMeterThread: Thread is done: Thread Group 1-38
2024-09-25 17:07:48,148 INFO o.a.j.t.JMeterThread: Thread finished: Thread Group 1-38
2024-09-25 17:07:48,384 INFO o.a.j.t.JMeterThread: Thread is done: Thread Group 1-19
2024-09-25 17:07:48,385 INFO o.a.j.t.JMeterThread: Thread finished: Thread Group 1-19
2024-09-25 17:07:49,041 INFO o.a.j.t.JMeterThread: Thread is done: Thread Group 1-43
2024-09-25 17:07:49,041 INFO o.a.j.t.JMeterThread: Thread finished: Thread Group 1-43
2024-09-25 17:07:49,222 INFO o.a.j.t.JMeterThread: Thread is done: Thread Group 1-36
2024-09-25 17:07:49,222 INFO o.a.j.t.JMeterThread: Thread finished: Thread Group 1-36
2024-09-25 17:07:49,256 INFO o.a.j.t.JMeterThread: Thread is done: Thread Group 1-32
2024-09-25 17:07:49,256 INFO o.a.j.t.JMeterThread: Thread finished: Thread Group 1-32
2024-09-25 17:07:49,339 INFO o.a.j.t.JMeterThread: Thread is done: Thread Group 1-50
2024-09-25 17:07:49,339 INFO o.a.j.t.JMeterThread: Thread finished: Thread Group 1-50
2024-09-25 17:07:49,451 INFO o.a.j.t.JMeterThread: Thread is done: Thread Group 1-39
2024-09-25 17:07:49,451 INFO o.a.j.t.JMeterThread: Thread finished: Thread Group 1-39
2024-09-25 17:07:49,471 INFO o.a.j.t.JMeterThread: Thread is done: Thread Group 1-30
2024-09-25 17:07:49,471 INFO o.a.j.t.JMeterThread: Thread finished: Thread Group 1-30
2024-09-25 17:07:49,620 INFO o.a.j.t.JMeterThread: Thread is done: Thread Group 1-46
2024-09-25 17:07:49,620 INFO o.a.j.t.JMeterThread: Thread finished: Thread Group 1-46
2024-09-25 17:07:49,780 INFO o.a.j.t.JMeterThread: Thread is done: Thread Group 1-45
2024-09-25 17:07:49,780 INFO o.a.j.t.JMeterThread: Thread finished: Thread Group 1-45
2024-09-25 17:07:50,412 INFO o.a.j.t.JMeterThread: Thread is done: Thread Group 1-28
2024-09-25 17:07:50,412 INFO o.a.j.t.JMeterThread: Thread finished: Thread Group 1-28
2024-09-25 17:07:50,618 INFO o.a.j.t.JMeterThread: Thread is done: Thread Group 1-48
2024-09-25 17:07:50,618 INFO o.a.j.t.JMeterThread: Thread finished: Thread Group 1-48
2024-09-25 17:07:51,261 INFO o.a.j.t.JMeterThread: Thread is done: Thread Group 1-49
2024-09-25 17:07:51,261 INFO o.a.j.t.JMeterThread: Thread finished: Thread Group 1-49
2024-09-25 17:07:51,524 INFO o.a.j.t.JMeterThread: Thread is done: Thread Group 1-47
2024-09-25 17:07:51,524 INFO o.a.j.t.JMeterThread: Thread finished: Thread Group 1-47
2024-09-25 17:07:51,877 INFO o.a.j.t.JMeterThread: Thread is done: Thread Group 1-41
2024-09-25 17:07:51,877 INFO o.a.j.t.JMeterThread: Thread finished: Thread Group 1-41
2024-09-25 17:07:53,836 INFO o.a.j.t.JMeterThread: Thread is done: Thread Group 1-40
2024-09-25 17:07:53,836 INFO o.a.j.t.JMeterThread: Thread finished: Thread Group 1-40
2024-09-25 17:07:53,836 INFO o.a.j.e.StandardJMeterEngine: Notifying test listeners of end of test
2024-09-25 17:07:53,836 INFO o.a.j.r.Summariser: summary +    198 in 00:00:24 =    8.3/s Avg:  1234 Min:   268 Max:  3943 Err:     1 (0.51%) Active: 0 Started: 50 Finished: 50
2024-09-25 17:07:53,836 INFO o.a.j.r.Summariser: summary =    200 in 00:00:26 =    7.7/s Avg:  1229 Min:   268 Max:  3943 Err:     1 (0.50%)
2024-09-25 17:07:53,836 INFO o.a.j.JMeter: Generating Dashboard
2024-09-25 17:07:53,836 INFO o.a.j.r.d.ReportGenerator: Flushing result collector before report Generation
2024-09-25 17:07:53,847 INFO o.a.j.r.p.NormalizerSampleConsumer: Using format, 'ms', to parse timeStamp field
2024-09-25 17:07:53,940 INFO o.a.j.r.p.AbstractSampleConsumer: class org.apache.jmeter.report.processor.AggregateConsumer#stopProducing(): beginDate produced 0 samples
2024-09-25 17:07:53,940 INFO o.a.j.r.p.AbstractSampleConsumer: class org.apache.jmeter.report.processor.AggregateConsumer#stopProducing(): endDate produced 0 samples
2024-09-25 17:07:53,947 INFO o.a.j.r.p.AbstractSampleConsumer: class org.apache.jmeter.report.processor.ApdexSummaryConsumer#stopProducing(): apdexSummary produced 0 samples
2024-09-25 17:07:53,947 INFO o.a.j.r.p.AbstractSampleConsumer: class org.apache.jmeter.report.processor.RequestsSummaryConsumer#stopProducing(): requestsSummary produced 0 samples
2024-09-25 17:07:53,947 INFO o.a.j.r.p.AbstractSampleConsumer: class org.apache.jmeter.report.processor.StatisticsSummaryConsumer#stopProducing(): statisticsSummary produced 0 samples
2024-09-25 17:07:53,952 INFO o.a.j.r.p.AbstractSampleConsumer: class org.apache.jmeter.report.processor.Top5ErrorsBySamplerConsumer#stopProducing(): top5ErrorsBySampler produced 0 samples
2024-09-25 17:07:53,952 INFO o.a.j.r.p.AbstractSampleConsumer: class org.apache.jmeter.report.processor.ErrorsSummaryConsumer#stopProducing(): errorsSummary produced 0 samples
2024-09-25 17:07:53,952 INFO o.a.j.r.p.AbstractSampleConsumer: class org.apache.jmeter.report.processor.graph.impl.HitsPerSecondGraphConsumer#stopProducing(): hitsPerSecond produced 0 samples
2024-09-25 17:07:53,966 INFO o.a.j.r.p.AbstractSampleConsumer: class org.apache.jmeter.report.processor.graph.impl.LatencyVSRequestGraphConsumer#stopProducing(): latencyVsRequest produced 0 samples
2024-09-25 17:07:53,966 INFO o.a.j.r.p.AbstractSampleConsumer: class org.apache.jmeter.report.processor.graph.impl.SyntheticResponseTimeDistributionGraphConsumer#stopProducing(): syntheticResponseTimeDistribution produced 0 samples
2024-09-25 17:07:53,966 INFO o.a.j.r.p.AbstractSampleConsumer: class org.apache.jmeter.report.processor.graph.impl.BytesThroughputGraphConsumer#stopProducing(): bytesThroughputOverTime produced 0 samples
2024-09-25 17:07:53,966 INFO o.a.j.r.p.AbstractSampleConsumer: class org.apache.jmeter.report.processor.graph.impl.CodesPerSecondGraphConsumer#stopProducing(): codesPerSecond produced 0 samples
2024-09-25 17:07:53,976 INFO o.a.j.r.p.AbstractSampleConsumer: class org.apache.jmeter.report.processor.graph.impl.ResponseTimeVSRequestGraphConsumer#stopProducing(): responseTimeVsRequest produced 0 samples
2024-09-25 17:07:53,976 INFO o.a.j.r.p.AbstractSampleConsumer: class org.apache.jmeter.report.processor.FilterConsumer#stopProducing(): startIntervalControlerFilter produced 1400 samples
2024-09-25 17:07:53,976 INFO o.a.j.r.p.AbstractSampleConsumer: class org.apache.jmeter.report.processor.graph.impl.TotalTPSGraphConsumer#stopProducing(): totalTPS produced 0 samples
2024-09-25 17:07:53,977 INFO o.a.j.r.p.AbstractSampleConsumer: class org.apache.jmeter.report.processor.graph.impl.ActiveThreadsGraphConsumer#stopProducing(): activeThreadsOverTime produced 0 samples
2024-09-25 17:07:53,977 INFO o.a.j.r.p.AbstractSampleConsumer: class org.apache.jmeter.report.processor.graph.impl.TimeVSThreadGraphConsumer#stopProducing(): timeVsThreads produced 0 samples
2024-09-25 17:07:53,977 INFO o.a.j.r.p.AbstractSampleConsumer: class org.apache.jmeter.report.processor.graph.impl.ResponseTimeDistributionGraphConsumer#stopProducing(): responseTimeDistribution produced 0 samples
2024-09-25 17:07:53,977 INFO o.a.j.r.p.AbstractSampleConsumer: class org.apache.jmeter.report.processor.graph.impl.TransactionsPerSecondGraphConsumer#stopProducing(): transactionsPerSecond produced 0 samples
2024-09-25 17:07:53,977 INFO o.a.j.r.p.AbstractSampleConsumer: class org.apache.jmeter.report.processor.graph.impl.ResponseTimePercentilesGraphConsumer#stopProducing(): responseTimePercentiles produced 0 samples
2024-09-25 17:07:53,977 INFO o.a.j.r.p.AbstractSampleConsumer: class org.apache.jmeter.report.processor.graph.impl.ResponseTimePercentilesOverTimeGraphConsumer#stopProducing(): responseTimePercentilesOverTime produced 0 samples
2024-09-25 17:07:53,977 INFO o.a.j.r.p.AbstractSampleConsumer: class org.apache.jmeter.report.processor.graph.impl.ResponseTimeOverTimeGraphConsumer#stopProducing(): responseTimesOverTime produced 0 samples
2024-09-25 17:07:53,977 INFO o.a.j.r.p.AbstractSampleConsumer: class org.apache.jmeter.report.processor.graph.impl.ConnectTimeOverTimeGraphConsumer#stopProducing(): connectTimeOverTime produced 0 samples
2024-09-25 17:07:53,977 INFO o.a.j.r.p.AbstractSampleConsumer: class org.apache.jmeter.report.processor.graph.impl.LatencyOverTimeGraphConsumer#stopProducing(): latenciesOverTime produced 0 samples
2024-09-25 17:07:53,977 INFO o.a.j.r.p.AbstractSampleConsumer: class org.apache.jmeter.report.processor.FilterConsumer#stopProducing(): nameFilter produced 6000 samples
2024-09-25 17:07:53,977 INFO o.a.j.r.p.AbstractSampleConsumer: class org.apache.jmeter.report.processor.FilterConsumer#stopProducing(): dateRangeFilter produced 1200 samples
2024-09-25 17:07:53,977 INFO o.a.j.r.p.AbstractSampleConsumer: class org.apache.jmeter.report.processor.NormalizerSampleConsumer#stopProducing(): normalizer produced 400 samples
2024-09-25 17:07:53,977 INFO o.a.j.r.p.CsvFileSampleSource: produce(): 400 samples produced in 111ms on channel 0
2024-09-25 17:07:53,977 INFO o.a.j.r.d.ReportGenerator: Exporting data using exporter:'json' of className:'org.apache.jmeter.report.dashboard.JsonExporter'
2024-09-25 17:07:54,046 INFO o.a.j.r.d.JsonExporter: Found data for consumer statisticsSummary in context
2024-09-25 17:07:54,046 INFO o.a.j.r.d.JsonExporter: Creating statistics for overall
2024-09-25 17:07:54,046 INFO o.a.j.r.d.JsonExporter: Creating statistics for other transactions
2024-09-25 17:07:54,046 INFO o.a.j.r.d.JsonExporter: Checking output folder
2024-09-25 17:07:54,046 INFO o.a.j.r.d.JsonExporter: Writing statistics JSON to C:\Users\Hima\Desktop\BlazeDemo.com\Report\statistics.json
2024-09-25 17:07:54,086 INFO o.a.j.r.d.ReportGenerator: Exporting data using exporter:'html' of className:'org.apache.jmeter.report.dashboard.HtmlTemplateExporter'
2024-09-25 17:07:54,086 INFO o.a.j.r.d.HtmlTemplateExporter: Will generate dashboard in folder: C:\Users\Hima\Desktop\BlazeDemo.com\Report
2024-09-25 17:07:54,206 INFO o.a.j.r.d.HtmlTemplateExporter: Report will be generated in: C:\Users\Hima\Desktop\BlazeDemo.com\Report, creating folder structure
2024-09-25 17:07:54,206 INFO o.a.j.r.d.TemplateVisitor: Copying folder from 'C:\Program Files\apache-jmeter-5.6.3\bin\report-template' to 'C:\Users\Hima\Desktop\BlazeDemo.com\Report', got message: C:\Users\Hima\Desktop\BlazeDemo.com\Report, found non empty folder with following content [C:\Users\Hima\Desktop\BlazeDemo.com\Report\statistics.json], will be ignored
2024-09-25 17:07:54,436 INFO o.a.j.JMeter: Dashboard generated
